<?xml version="1.0" encoding="UTF-8"?>
<testng-results ignored="0" total="1" passed="1" failed="0" skipped="0">
  <reporter-output>
  </reporter-output>
  <suite started-at="2021-12-26T07:40:39Z" name="Default suite" finished-at="2021-12-26T07:40:51Z" duration-ms="11853">
    <groups>
    </groups>
    <test started-at="2021-12-26T07:40:39Z" name="Default test" finished-at="2021-12-26T07:40:51Z" duration-ms="11853">
      <class name="com.project.Test.AppTest">
        <test-method signature="shouldAnswerWithTrue()[pri:0, instance:com.project.Test.AppTest@27adc16e]" started-at="2021-12-26T07:40:39Z" name="shouldAnswerWithTrue" finished-at="2021-12-26T07:40:51Z" duration-ms="11804" status="PASS">
          <reporter-output>
          </reporter-output>
        </test-method> <!-- shouldAnswerWithTrue -->
      </class> <!-- com.project.Test.AppTest -->
    </test> <!-- Default test -->
  </suite> <!-- Default suite -->
</testng-results>
